# JRE version: OpenJDK Runtime Environment (11.0.10) (build 11.0.10+0-b96-7249189)
# Java VM: OpenJDK 64-Bit Server VM (11.0.10+0-b96-7249189, mixed mode, tiered, compressed oops, g1 gc, windows-amd64)
Heap:
 garbage-first heap   total 484352K, used 270299K [0x0000000080000000, 0x0000000100000000)
  region size 1024K, 11 young (11264K), 11 survivors (11264K)
 Metaspace       used 105601K, capacity 108598K, committed 108748K, reserved 1142784K
  class space    used 13865K, capacity 15037K, committed 15104K, reserved 1048576K
GC Heap History (20 events):
Event: 7.884 GC heap after
{Heap after GC invocations=20 (full 0):
 garbage-first heap   total 312320K, used 201728K [0x0000000080000000, 0x0000000100000000)
  region size 1024K, 11 young (11264K), 11 survivors (11264K)
 Metaspace       used 94447K, capacity 97075K, committed 97228K, reserved 1132544K
  class space    used 12465K, capacity 13442K, committed 13568K, reserved 1048576K
}
Event: 8.243 GC heap before
{Heap before GC invocations=21 (full 0):
 garbage-first heap   total 312320K, used 243712K [0x0000000080000000, 0x0000000100000000)
  region size 1024K, 53 young (54272K), 11 survivors (11264K)
 Metaspace       used 95794K, capacity 98207K, committed 98892K, reserved 1134592K
  class space    used 12609K, capacity 13506K, committed 13696K, reserved 1048576K
}
Event: 8.261 GC heap after
{Heap after GC invocations=22 (full 0):
 garbage-first heap   total 312320K, used 216576K [0x0000000080000000, 0x0000000100000000)
  region size 1024K, 7 young (7168K), 7 survivors (7168K)
 Metaspace       used 95794K, capacity 98207K, committed 98892K, reserved 1134592K
  class space    used 12609K, capacity 13506K, committed 13696K, reserved 1048576K
}
Event: 8.470 GC heap before
{Heap before GC invocations=22 (full 0):
 garbage-first heap   total 312320K, used 251392K [0x0000000080000000, 0x0000000100000000)
  region size 1024K, 41 young (41984K), 7 survivors (7168K)
 Metaspace       used 96512K, capacity 99090K, committed 99532K, reserved 1134592K
  class space    used 12728K, capacity 13670K, committed 13824K, reserved 1048576K
}
Event: 8.485 GC heap after
{Heap after GC invocations=23 (full 0):
 garbage-first heap   total 416768K, used 222829K [0x0000000080000000, 0x0000000100000000)
  region size 1024K, 5 young (5120K), 5 survivors (5120K)
 Metaspace       used 96512K, capacity 99090K, committed 99532K, reserved 1134592K
  class space    used 12728K, capacity 13670K, committed 13824K, reserved 1048576K
}
Event: 9.001 GC heap before
{Heap before GC invocations=24 (full 0):
 garbage-first heap   total 416768K, used 287341K [0x0000000080000000, 0x0000000100000000)
  region size 1024K, 72 young (73728K), 5 survivors (5120K)
 Metaspace       used 96760K, capacity 99251K, committed 99788K, reserved 1134592K
  class space    used 12717K, capacity 13635K, committed 13824K, reserved 1048576K
}
Event: 9.014 GC heap after
{Heap after GC invocations=25 (full 0):
 garbage-first heap   total 416768K, used 224790K [0x0000000080000000, 0x0000000100000000)
  region size 1024K, 9 young (9216K), 9 survivors (9216K)
 Metaspace       used 96760K, capacity 99251K, committed 99788K, reserved 1134592K
  class space    used 12717K, capacity 13635K, committed 13824K, reserved 1048576K
}
Event: 9.070 GC heap before
{Heap before GC invocations=25 (full 0):
 garbage-first heap   total 416768K, used 235030K [0x0000000080000000, 0x0000000100000000)
  region size 1024K, 20 young (20480K), 9 survivors (9216K)
 Metaspace       used 97177K, capacity 99720K, committed 100044K, reserved 1136640K
  class space    used 12763K, capacity 13706K, committed 13824K, reserved 1048576K
}
Event: 9.083 GC heap after
{Heap after GC invocations=26 (full 0):
 garbage-first heap   total 416768K, used 221046K [0x0000000080000000, 0x0000000100000000)
  region size 1024K, 3 young (3072K), 3 survivors (3072K)
 Metaspace       used 97177K, capacity 99720K, committed 100044K, reserved 1136640K
  class space    used 12763K, capacity 13706K, committed 13824K, reserved 1048576K
}
Event: 9.313 GC heap before
{Heap before GC invocations=26 (full 0):
 garbage-first heap   total 416768K, used 294774K [0x0000000080000000, 0x0000000100000000)
  region size 1024K, 76 young (77824K), 3 survivors (3072K)
 Metaspace       used 98184K, capacity 100763K, committed 100940K, reserved 1136640K
  class space    used 12870K, capacity 13815K, committed 13952K, reserved 1048576K
}
Event: 9.324 GC heap after
{Heap after GC invocations=27 (full 0):
 garbage-first heap   total 416768K, used 230400K [0x0000000080000000, 0x0000000100000000)
  region size 1024K, 10 young (10240K), 10 survivors (10240K)
 Metaspace       used 98184K, capacity 100763K, committed 100940K, reserved 1136640K
  class space    used 12870K, capacity 13815K, committed 13952K, reserved 1048576K
}
Event: 9.684 GC heap before
{Heap before GC invocations=28 (full 0):
 garbage-first heap   total 416768K, used 315392K [0x0000000080000000, 0x0000000100000000)
  region size 1024K, 85 young (87040K), 10 survivors (10240K)
 Metaspace       used 100386K, capacity 102936K, committed 103244K, reserved 1138688K
  class space    used 13129K, capacity 14079K, committed 14208K, reserved 1048576K
}
Event: 9.691 GC heap after
{Heap after GC invocations=29 (full 0):
 garbage-first heap   total 416768K, used 236663K [0x0000000080000000, 0x0000000100000000)
  region size 1024K, 5 young (5120K), 5 survivors (5120K)
 Metaspace       used 100386K, capacity 102936K, committed 103244K, reserved 1138688K
  class space    used 13129K, capacity 14079K, committed 14208K, reserved 1048576K
}
Event: 9.763 GC heap before
{Heap before GC invocations=29 (full 0):
 garbage-first heap   total 416768K, used 254071K [0x0000000080000000, 0x0000000100000000)
  region size 1024K, 20 young (20480K), 5 survivors (5120K)
 Metaspace       used 101095K, capacity 103694K, committed 103756K, reserved 1138688K
  class space    used 13218K, capacity 14156K, committed 14208K, reserved 1048576K
}
Event: 9.770 GC heap after
{Heap after GC invocations=30 (full 0):
 garbage-first heap   total 416768K, used 237742K [0x0000000080000000, 0x0000000100000000)
  region size 1024K, 3 young (3072K), 3 survivors (3072K)
 Metaspace       used 101095K, capacity 103694K, committed 103756K, reserved 1138688K
  class space    used 13218K, capacity 14156K, committed 14208K, reserved 1048576K
}
Event: 9.788 GC heap before
{Heap before GC invocations=30 (full 0):
 garbage-first heap   total 416768K, used 241838K [0x0000000080000000, 0x0000000100000000)
  region size 1024K, 8 young (8192K), 3 survivors (3072K)
 Metaspace       used 101123K, capacity 103706K, committed 103756K, reserved 1138688K
  class space    used 13220K, capacity 14159K, committed 14208K, reserved 1048576K
}
Event: 9.791 GC heap after
{Heap after GC invocations=31 (full 0):
 garbage-first heap   total 416768K, used 237910K [0x0000000080000000, 0x0000000100000000)
  region size 1024K, 3 young (3072K), 3 survivors (3072K)
 Metaspace       used 101123K, capacity 103706K, committed 103756K, reserved 1138688K
  class space    used 13220K, capacity 14159K, committed 14208K, reserved 1048576K
}
Event: 10.125 GC heap before
{Heap before GC invocations=31 (full 0):
 garbage-first heap   total 416768K, used 326998K [0x0000000080000000, 0x0000000100000000)
  region size 1024K, 79 young (80896K), 3 survivors (3072K)
 Metaspace       used 102279K, capacity 104933K, committed 105036K, reserved 1140736K
  class space    used 13350K, capacity 14366K, committed 14464K, reserved 1048576K
}
Event: 10.134 GC heap after
{Heap after GC invocations=32 (full 0):
 garbage-first heap   total 416768K, used 254132K [0x0000000080000000, 0x0000000100000000)
  region size 1024K, 10 young (10240K), 10 survivors (10240K)
 Metaspace       used 102279K, capacity 104933K, committed 105036K, reserved 1140736K
  class space    used 13350K, capacity 14366K, committed 14464K, reserved 1048576K
}
Event: 10.336 GC heap before
{Heap before GC invocations=33 (full 0):
 garbage-first heap   total 416768K, used 331956K [0x0000000080000000, 0x0000000100000000)
  region size 1024K, 81 young (82944K), 10 survivors (10240K)
 Metaspace       used 105601K, capacity 108598K, committed 108748K, reserved 1142784K
  class space    used 13865K, capacity 15037K, committed 15104K, reserved 1048576K
}

