# JRE version: OpenJDK Runtime Environment (11.0.10) (build 11.0.10+0-b96-7249189)
# Java VM: OpenJDK 64-Bit Server VM (11.0.10+0-b96-7249189, mixed mode, tiered, compressed oops, g1 gc, windows-amd64)
Heap:
 garbage-first heap   total 463872K, used 214914K [0x0000000080000000, 0x0000000100000000)
  region size 1024K, 8 young (8192K), 8 survivors (8192K)
 Metaspace       used 128395K, capacity 131884K, committed 132044K, reserved 1163264K
  class space    used 16215K, capacity 17517K, committed 17612K, reserved 1048576K
GC Heap History (20 events):
Event: 19.629 GC heap after
{Heap after GC invocations=34 (full 0):
 garbage-first heap   total 260096K, used 179750K [0x0000000080000000, 0x0000000100000000)
  region size 1024K, 5 young (5120K), 5 survivors (5120K)
 Metaspace       used 118288K, capacity 121454K, committed 121804K, reserved 1155072K
  class space    used 14991K, capacity 16152K, committed 16332K, reserved 1048576K
}
Event: 19.866 GC heap before
{Heap before GC invocations=35 (full 0):
 garbage-first heap   total 260096K, used 215590K [0x0000000080000000, 0x0000000100000000)
  region size 1024K, 45 young (46080K), 5 survivors (5120K)
 Metaspace       used 120528K, capacity 123726K, committed 123980K, reserved 1157120K
  class space    used 15157K, capacity 16312K, committed 16460K, reserved 1048576K
}
Event: 19.871 GC heap after
{Heap after GC invocations=36 (full 0):
 garbage-first heap   total 260096K, used 177579K [0x0000000080000000, 0x0000000100000000)
  region size 1024K, 4 young (4096K), 4 survivors (4096K)
 Metaspace       used 120528K, capacity 123726K, committed 123980K, reserved 1157120K
  class space    used 15157K, capacity 16312K, committed 16460K, reserved 1048576K
}
Event: 19.893 GC heap before
{Heap before GC invocations=36 (full 0):
 garbage-first heap   total 260096K, used 185771K [0x0000000080000000, 0x0000000100000000)
  region size 1024K, 12 young (12288K), 4 survivors (4096K)
 Metaspace       used 120544K, capacity 123726K, committed 123980K, reserved 1157120K
  class space    used 15159K, capacity 16312K, committed 16460K, reserved 1048576K
}
Event: 19.900 GC heap after
{Heap after GC invocations=37 (full 0):
 garbage-first heap   total 260096K, used 156622K [0x0000000080000000, 0x0000000100000000)
  region size 1024K, 2 young (2048K), 2 survivors (2048K)
 Metaspace       used 120544K, capacity 123726K, committed 123980K, reserved 1157120K
  class space    used 15159K, capacity 16312K, committed 16460K, reserved 1048576K
}
Event: 19.931 GC heap before
{Heap before GC invocations=37 (full 0):
 garbage-first heap   total 260096K, used 166862K [0x0000000080000000, 0x0000000100000000)
  region size 1024K, 12 young (12288K), 2 survivors (2048K)
 Metaspace       used 120583K, capacity 123800K, committed 123980K, reserved 1157120K
  class space    used 15161K, capacity 16314K, committed 16460K, reserved 1048576K
}
Event: 19.937 GC heap after
{Heap after GC invocations=38 (full 0):
 garbage-first heap   total 260096K, used 154177K [0x0000000080000000, 0x0000000100000000)
  region size 1024K, 2 young (2048K), 2 survivors (2048K)
 Metaspace       used 120583K, capacity 123800K, committed 123980K, reserved 1157120K
  class space    used 15161K, capacity 16314K, committed 16460K, reserved 1048576K
}
Event: 20.098 GC heap before
{Heap before GC invocations=38 (full 0):
 garbage-first heap   total 260096K, used 212545K [0x0000000080000000, 0x0000000100000000)
  region size 1024K, 60 young (61440K), 2 survivors (2048K)
 Metaspace       used 121936K, capacity 125134K, committed 125388K, reserved 1159168K
  class space    used 15286K, capacity 16417K, committed 16588K, reserved 1048576K
}
Event: 20.101 GC heap after
{Heap after GC invocations=39 (full 0):
 garbage-first heap   total 260096K, used 154635K [0x0000000080000000, 0x0000000100000000)
  region size 1024K, 3 young (3072K), 3 survivors (3072K)
 Metaspace       used 121936K, capacity 125134K, committed 125388K, reserved 1159168K
  class space    used 15286K, capacity 16417K, committed 16588K, reserved 1048576K
}
Event: 20.412 GC heap before
{Heap before GC invocations=39 (full 0):
 garbage-first heap   total 260096K, used 214027K [0x0000000080000000, 0x0000000100000000)
  region size 1024K, 62 young (63488K), 3 survivors (3072K)
 Metaspace       used 122752K, capacity 125967K, committed 126284K, reserved 1159168K
  class space    used 15369K, capacity 16538K, committed 16716K, reserved 1048576K
}
Event: 20.418 GC heap after
{Heap after GC invocations=40 (full 0):
 garbage-first heap   total 260096K, used 158962K [0x0000000080000000, 0x0000000100000000)
  region size 1024K, 7 young (7168K), 7 survivors (7168K)
 Metaspace       used 122752K, capacity 125967K, committed 126284K, reserved 1159168K
  class space    used 15369K, capacity 16538K, committed 16716K, reserved 1048576K
}
Event: 20.596 GC heap before
{Heap before GC invocations=40 (full 0):
 garbage-first heap   total 260096K, used 222450K [0x0000000080000000, 0x0000000100000000)
  region size 1024K, 64 young (65536K), 7 survivors (7168K)
 Metaspace       used 123185K, capacity 126380K, committed 126796K, reserved 1159168K
  class space    used 15411K, capacity 16545K, committed 16716K, reserved 1048576K
}
Event: 20.602 GC heap after
{Heap after GC invocations=41 (full 0):
 garbage-first heap   total 312320K, used 164296K [0x0000000080000000, 0x0000000100000000)
  region size 1024K, 5 young (5120K), 5 survivors (5120K)
 Metaspace       used 123185K, capacity 126380K, committed 126796K, reserved 1159168K
  class space    used 15411K, capacity 16545K, committed 16716K, reserved 1048576K
}
Event: 20.696 GC heap before
{Heap before GC invocations=41 (full 0):
 garbage-first heap   total 312320K, used 250312K [0x0000000080000000, 0x0000000100000000)
  region size 1024K, 90 young (92160K), 5 survivors (5120K)
 Metaspace       used 123601K, capacity 126881K, committed 127052K, reserved 1159168K
  class space    used 15472K, capacity 16669K, committed 16716K, reserved 1048576K
}
Event: 20.703 GC heap after
{Heap after GC invocations=42 (full 0):
 garbage-first heap   total 312320K, used 176737K [0x0000000080000000, 0x0000000100000000)
  region size 1024K, 12 young (12288K), 12 survivors (12288K)
 Metaspace       used 123601K, capacity 126881K, committed 127052K, reserved 1159168K
  class space    used 15472K, capacity 16669K, committed 16716K, reserved 1048576K
}
Event: 20.836 GC heap before
{Heap before GC invocations=42 (full 0):
 garbage-first heap   total 312320K, used 253537K [0x0000000080000000, 0x0000000100000000)
  region size 1024K, 88 young (90112K), 12 survivors (12288K)
 Metaspace       used 124893K, capacity 128260K, committed 128588K, reserved 1161216K
  class space    used 15653K, capacity 16884K, committed 16972K, reserved 1048576K
}
Event: 20.846 GC heap after
{Heap after GC invocations=43 (full 0):
 garbage-first heap   total 312320K, used 192512K [0x0000000080000000, 0x0000000100000000)
  region size 1024K, 11 young (11264K), 11 survivors (11264K)
 Metaspace       used 124893K, capacity 128260K, committed 128588K, reserved 1161216K
  class space    used 15653K, capacity 16884K, committed 16972K, reserved 1048576K
}
Event: 20.986 GC heap before
{Heap before GC invocations=43 (full 0):
 garbage-first heap   total 312320K, used 253952K [0x0000000080000000, 0x0000000100000000)
  region size 1024K, 72 young (73728K), 11 survivors (11264K)
 Metaspace       used 126714K, capacity 130187K, committed 130380K, reserved 1163264K
  class space    used 15907K, capacity 17184K, committed 17228K, reserved 1048576K
}
Event: 21.002 GC heap after
{Heap after GC invocations=44 (full 0):
 garbage-first heap   total 312320K, used 203776K [0x0000000080000000, 0x0000000100000000)
  region size 1024K, 9 young (9216K), 9 survivors (9216K)
 Metaspace       used 126714K, capacity 130187K, committed 130380K, reserved 1163264K
  class space    used 15907K, capacity 17184K, committed 17228K, reserved 1048576K
}
Event: 21.105 GC heap before
{Heap before GC invocations=44 (full 0):
 garbage-first heap   total 312320K, used 256000K [0x0000000080000000, 0x0000000100000000)
  region size 1024K, 60 young (61440K), 9 survivors (9216K)
 Metaspace       used 128395K, capacity 131884K, committed 132044K, reserved 1163264K
  class space    used 16215K, capacity 17517K, committed 17612K, reserved 1048576K
}

