# JRE version: OpenJDK Runtime Environment (11.0.10) (build 11.0.10+0-b96-7249189)
# Java VM: OpenJDK 64-Bit Server VM (11.0.10+0-b96-7249189, mixed mode, tiered, compressed oops, g1 gc, windows-amd64)
Heap:
 garbage-first heap   total 328704K, used 237342K [0x0000000080000000, 0x0000000100000000)
  region size 1024K, 107 young (109568K), 9 survivors (9216K)
 Metaspace       used 102574K, capacity 105333K, committed 105676K, reserved 1140736K
  class space    used 13157K, capacity 14159K, committed 14336K, reserved 1048576K
GC Heap History (20 events):
Event: 91.926 GC heap before
{Heap before GC invocations=27 (full 0):
 garbage-first heap   total 260096K, used 210863K [0x0000000080000000, 0x0000000100000000)
  region size 1024K, 84 young (86016K), 1 survivors (1024K)
 Metaspace       used 95159K, capacity 97653K, committed 98380K, reserved 1134592K
  class space    used 12258K, capacity 13181K, committed 13440K, reserved 1048576K
}
Event: 91.929 GC heap after
{Heap after GC invocations=28 (full 0):
 garbage-first heap   total 260096K, used 127775K [0x0000000080000000, 0x0000000100000000)
  region size 1024K, 2 young (2048K), 2 survivors (2048K)
 Metaspace       used 95159K, capacity 97653K, committed 98380K, reserved 1134592K
  class space    used 12258K, capacity 13181K, committed 13440K, reserved 1048576K
}
Event: 92.010 GC heap before
{Heap before GC invocations=28 (full 0):
 garbage-first heap   total 260096K, used 214815K [0x0000000080000000, 0x0000000100000000)
  region size 1024K, 87 young (89088K), 2 survivors (2048K)
 Metaspace       used 95174K, capacity 97653K, committed 98380K, reserved 1134592K
  class space    used 12258K, capacity 13181K, committed 13440K, reserved 1048576K
}
Event: 92.013 GC heap after
{Heap after GC invocations=29 (full 0):
 garbage-first heap   total 260096K, used 130097K [0x0000000080000000, 0x0000000100000000)
  region size 1024K, 5 young (5120K), 5 survivors (5120K)
 Metaspace       used 95174K, capacity 97653K, committed 98380K, reserved 1134592K
  class space    used 12258K, capacity 13181K, committed 13440K, reserved 1048576K
}
Event: 92.083 GC heap before
{Heap before GC invocations=30 (full 0):
 garbage-first heap   total 260096K, used 216113K [0x0000000080000000, 0x0000000100000000)
  region size 1024K, 89 young (91136K), 5 survivors (5120K)
 Metaspace       used 95180K, capacity 97719K, committed 98380K, reserved 1134592K
  class space    used 12258K, capacity 13181K, committed 13440K, reserved 1048576K
}
Event: 92.085 GC heap after
{Heap after GC invocations=31 (full 0):
 garbage-first heap   total 260096K, used 129773K [0x0000000080000000, 0x0000000100000000)
  region size 1024K, 4 young (4096K), 4 survivors (4096K)
 Metaspace       used 95180K, capacity 97719K, committed 98380K, reserved 1134592K
  class space    used 12258K, capacity 13181K, committed 13440K, reserved 1048576K
}
Event: 92.090 GC heap before
{Heap before GC invocations=31 (full 0):
 garbage-first heap   total 260096K, used 137965K [0x0000000080000000, 0x0000000100000000)
  region size 1024K, 12 young (12288K), 4 survivors (4096K)
 Metaspace       used 95183K, capacity 97719K, committed 98380K, reserved 1134592K
  class space    used 12258K, capacity 13181K, committed 13440K, reserved 1048576K
}
Event: 92.092 GC heap after
{Heap after GC invocations=32 (full 0):
 garbage-first heap   total 260096K, used 126166K [0x0000000080000000, 0x0000000100000000)
  region size 1024K, 1 young (1024K), 1 survivors (1024K)
 Metaspace       used 95183K, capacity 97719K, committed 98380K, reserved 1134592K
  class space    used 12258K, capacity 13181K, committed 13440K, reserved 1048576K
}
Event: 92.147 GC heap before
{Heap before GC invocations=32 (full 0):
 garbage-first heap   total 260096K, used 216278K [0x0000000080000000, 0x0000000100000000)
  region size 1024K, 90 young (92160K), 1 survivors (1024K)
 Metaspace       used 95197K, capacity 97719K, committed 98380K, reserved 1134592K
  class space    used 12258K, capacity 13181K, committed 13440K, reserved 1048576K
}
Event: 92.149 GC heap after
{Heap after GC invocations=33 (full 0):
 garbage-first heap   total 260096K, used 128160K [0x0000000080000000, 0x0000000100000000)
  region size 1024K, 3 young (3072K), 3 survivors (3072K)
 Metaspace       used 95197K, capacity 97719K, committed 98380K, reserved 1134592K
  class space    used 12258K, capacity 13181K, committed 13440K, reserved 1048576K
}
Event: 92.216 GC heap before
{Heap before GC invocations=33 (full 0):
 garbage-first heap   total 260096K, used 218272K [0x0000000080000000, 0x0000000100000000)
  region size 1024K, 92 young (94208K), 3 survivors (3072K)
 Metaspace       used 95201K, capacity 97719K, committed 98380K, reserved 1134592K
  class space    used 12258K, capacity 13181K, committed 13440K, reserved 1048576K
}
Event: 92.219 GC heap after
{Heap after GC invocations=34 (full 0):
 garbage-first heap   total 260096K, used 131638K [0x0000000080000000, 0x0000000100000000)
  region size 1024K, 6 young (6144K), 6 survivors (6144K)
 Metaspace       used 95201K, capacity 97719K, committed 98380K, reserved 1134592K
  class space    used 12258K, capacity 13181K, committed 13440K, reserved 1048576K
}
Event: 92.298 GC heap before
{Heap before GC invocations=35 (full 0):
 garbage-first heap   total 260096K, used 220726K [0x0000000080000000, 0x0000000100000000)
  region size 1024K, 93 young (95232K), 6 survivors (6144K)
 Metaspace       used 95202K, capacity 97719K, committed 98380K, reserved 1134592K
  class space    used 12258K, capacity 13181K, committed 13440K, reserved 1048576K
}
Event: 92.302 GC heap after
{Heap after GC invocations=36 (full 0):
 garbage-first heap   total 328704K, used 132075K [0x0000000080000000, 0x0000000100000000)
  region size 1024K, 7 young (7168K), 7 survivors (7168K)
 Metaspace       used 95202K, capacity 97719K, committed 98380K, reserved 1134592K
  class space    used 12258K, capacity 13181K, committed 13440K, reserved 1048576K
}
Event: 92.309 GC heap before
{Heap before GC invocations=36 (full 0):
 garbage-first heap   total 328704K, used 140267K [0x0000000080000000, 0x0000000100000000)
  region size 1024K, 16 young (16384K), 7 survivors (7168K)
 Metaspace       used 95203K, capacity 97719K, committed 98380K, reserved 1134592K
  class space    used 12258K, capacity 13181K, committed 13440K, reserved 1048576K
}
Event: 92.312 GC heap after
{Heap after GC invocations=37 (full 0):
 garbage-first heap   total 328704K, used 130081K [0x0000000080000000, 0x0000000100000000)
  region size 1024K, 2 young (2048K), 2 survivors (2048K)
 Metaspace       used 95203K, capacity 97719K, committed 98380K, reserved 1134592K
  class space    used 12258K, capacity 13181K, committed 13440K, reserved 1048576K
}
Event: 92.407 GC heap before
{Heap before GC invocations=37 (full 0):
 garbage-first heap   total 328704K, used 265249K [0x0000000080000000, 0x0000000100000000)
  region size 1024K, 134 young (137216K), 2 survivors (2048K)
 Metaspace       used 95204K, capacity 97719K, committed 98380K, reserved 1134592K
  class space    used 12258K, capacity 13181K, committed 13440K, reserved 1048576K
}
Event: 92.408 GC heap after
{Heap after GC invocations=38 (full 0):
 garbage-first heap   total 328704K, used 132464K [0x0000000080000000, 0x0000000100000000)
  region size 1024K, 4 young (4096K), 4 survivors (4096K)
 Metaspace       used 95204K, capacity 97719K, committed 98380K, reserved 1134592K
  class space    used 12258K, capacity 13181K, committed 13440K, reserved 1048576K
}
Event: 92.561 GC heap before
{Heap before GC invocations=38 (full 0):
 garbage-first heap   total 328704K, used 269680K [0x0000000080000000, 0x0000000100000000)
  region size 1024K, 138 young (141312K), 4 survivors (4096K)
 Metaspace       used 95250K, capacity 97725K, committed 98380K, reserved 1134592K
  class space    used 12266K, capacity 13183K, committed 13440K, reserved 1048576K
}
Event: 92.563 GC heap after
{Heap after GC invocations=39 (full 0):
 garbage-first heap   total 328704K, used 136990K [0x0000000080000000, 0x0000000100000000)
  region size 1024K, 9 young (9216K), 9 survivors (9216K)
 Metaspace       used 95250K, capacity 97725K, committed 98380K, reserved 1134592K
  class space    used 12266K, capacity 13183K, committed 13440K, reserved 1048576K
}

