# JRE version: OpenJDK Runtime Environment (11.0.10) (build 11.0.10+0-b96-7249189)
# Java VM: OpenJDK 64-Bit Server VM (11.0.10+0-b96-7249189, mixed mode, tiered, compressed oops, g1 gc, windows-amd64)
Heap:
 garbage-first heap   total 312320K, used 76110K [0x0000000703a00000, 0x0000000800000000)
  region size 1024K, 49 young (50176K), 11 survivors (11264K)
 Metaspace       used 53718K, capacity 54326K, committed 54528K, reserved 1097728K
  class space    used 6148K, capacity 6393K, committed 6400K, reserved 1048576K
GC Heap History (12 events):
Event: 0.349 GC heap before
{Heap before GC invocations=0 (full 0):
 garbage-first heap   total 260096K, used 27648K [0x0000000703a00000, 0x0000000800000000)
  region size 1024K, 24 young (24576K), 0 survivors (0K)
 Metaspace       used 12313K, capacity 12405K, committed 12544K, reserved 1060864K
  class space    used 1157K, capacity 1174K, committed 1280K, reserved 1048576K
}
Event: 0.351 GC heap after
{Heap after GC invocations=1 (full 0):
 garbage-first heap   total 260096K, used 5640K [0x0000000703a00000, 0x0000000800000000)
  region size 1024K, 3 young (3072K), 3 survivors (3072K)
 Metaspace       used 12313K, capacity 12405K, committed 12544K, reserved 1060864K
  class space    used 1157K, capacity 1174K, committed 1280K, reserved 1048576K
}
Event: 0.727 GC heap before
{Heap before GC invocations=1 (full 0):
 garbage-first heap   total 260096K, used 41480K [0x0000000703a00000, 0x0000000800000000)
  region size 1024K, 39 young (39936K), 3 survivors (3072K)
 Metaspace       used 20860K, capacity 21038K, committed 21248K, reserved 1069056K
  class space    used 2219K, capacity 2286K, committed 2304K, reserved 1048576K
}
Event: 0.734 GC heap after
{Heap after GC invocations=2 (full 0):
 garbage-first heap   total 260096K, used 9484K [0x0000000703a00000, 0x0000000800000000)
  region size 1024K, 7 young (7168K), 7 survivors (7168K)
 Metaspace       used 20860K, capacity 21038K, committed 21248K, reserved 1069056K
  class space    used 2219K, capacity 2286K, committed 2304K, reserved 1048576K
}
Event: 1.327 GC heap before
{Heap before GC invocations=3 (full 0):
 garbage-first heap   total 260096K, used 73996K [0x0000000703a00000, 0x0000000800000000)
  region size 1024K, 58 young (59392K), 7 survivors (7168K)
 Metaspace       used 30690K, capacity 31083K, committed 31232K, reserved 1077248K
  class space    used 3642K, capacity 3793K, committed 3840K, reserved 1048576K
}
Event: 1.334 GC heap after
{Heap after GC invocations=4 (full 0):
 garbage-first heap   total 260096K, used 23966K [0x0000000703a00000, 0x0000000800000000)
  region size 1024K, 8 young (8192K), 8 survivors (8192K)
 Metaspace       used 30690K, capacity 31083K, committed 31232K, reserved 1077248K
  class space    used 3642K, capacity 3793K, committed 3840K, reserved 1048576K
}
Event: 1.539 GC heap before
{Heap before GC invocations=4 (full 0):
 garbage-first heap   total 260096K, used 45470K [0x0000000703a00000, 0x0000000800000000)
  region size 1024K, 30 young (30720K), 8 survivors (8192K)
 Metaspace       used 35105K, capacity 35535K, committed 35584K, reserved 1081344K
  class space    used 4133K, capacity 4316K, committed 4352K, reserved 1048576K
}
Event: 1.549 GC heap after
{Heap after GC invocations=5 (full 0):
 garbage-first heap   total 260096K, used 23966K [0x0000000703a00000, 0x0000000800000000)
  region size 1024K, 10 young (10240K), 10 survivors (10240K)
 Metaspace       used 35105K, capacity 35535K, committed 35584K, reserved 1081344K
  class space    used 4133K, capacity 4316K, committed 4352K, reserved 1048576K
}
Event: 1.823 GC heap before
{Heap before GC invocations=6 (full 0):
 garbage-first heap   total 260096K, used 53662K [0x0000000703a00000, 0x0000000800000000)
  region size 1024K, 39 young (39936K), 10 survivors (10240K)
 Metaspace       used 41790K, capacity 42215K, committed 42368K, reserved 1087488K
  class space    used 4954K, capacity 5132K, committed 5248K, reserved 1048576K
}
Event: 1.830 GC heap after
{Heap after GC invocations=7 (full 0):
 garbage-first heap   total 312320K, used 26866K [0x0000000703a00000, 0x0000000800000000)
  region size 1024K, 5 young (5120K), 5 survivors (5120K)
 Metaspace       used 41790K, capacity 42215K, committed 42368K, reserved 1087488K
  class space    used 4954K, capacity 5132K, committed 5248K, reserved 1048576K
}
Event: 2.820 GC heap before
{Heap before GC invocations=7 (full 0):
 garbage-first heap   total 312320K, used 110834K [0x0000000703a00000, 0x0000000800000000)
  region size 1024K, 84 young (86016K), 5 survivors (5120K)
 Metaspace       used 50662K, capacity 51178K, committed 51456K, reserved 1095680K
  class space    used 5834K, capacity 6046K, committed 6144K, reserved 1048576K
}
Event: 2.829 GC heap after
{Heap after GC invocations=8 (full 0):
 garbage-first heap   total 312320K, used 38222K [0x0000000703a00000, 0x0000000800000000)
  region size 1024K, 11 young (11264K), 11 survivors (11264K)
 Metaspace       used 50662K, capacity 51178K, committed 51456K, reserved 1095680K
  class space    used 5834K, capacity 6046K, committed 6144K, reserved 1048576K
}

