# JRE version: OpenJDK Runtime Environment (11.0.10) (build 11.0.10+0-b96-7249189)
# Java VM: OpenJDK 64-Bit Server VM (11.0.10+0-b96-7249189, mixed mode, tiered, compressed oops, g1 gc, windows-amd64)
Heap:
 garbage-first heap   total 466944K, used 238497K [0x0000000080000000, 0x0000000100000000)
  region size 1024K, 2 young (2048K), 2 survivors (2048K)
 Metaspace       used 107127K, capacity 109975K, committed 110156K, reserved 1144832K
  class space    used 13815K, capacity 14867K, committed 14924K, reserved 1048576K
GC Heap History (20 events):
Event: 27.562 GC heap after
{Heap after GC invocations=31 (full 0):
 garbage-first heap   total 312320K, used 223232K [0x0000000080000000, 0x0000000100000000)
  region size 1024K, 6 young (6144K), 6 survivors (6144K)
 Metaspace       used 102800K, capacity 105371K, committed 105676K, reserved 1140736K
  class space    used 13266K, capacity 14207K, committed 14284K, reserved 1048576K
}
Event: 27.794 GC heap before
{Heap before GC invocations=31 (full 0):
 garbage-first heap   total 312320K, used 250880K [0x0000000080000000, 0x0000000100000000)
  region size 1024K, 34 young (34816K), 6 survivors (6144K)
 Metaspace       used 104521K, capacity 107044K, committed 107212K, reserved 1142784K
  class space    used 13499K, capacity 14432K, committed 14540K, reserved 1048576K
}
Event: 27.806 GC heap after
{Heap after GC invocations=32 (full 0):
 garbage-first heap   total 312320K, used 232448K [0x0000000080000000, 0x0000000100000000)
  region size 1024K, 5 young (5120K), 5 survivors (5120K)
 Metaspace       used 104521K, capacity 107044K, committed 107212K, reserved 1142784K
  class space    used 13499K, capacity 14432K, committed 14540K, reserved 1048576K
}
Event: 27.970 GC heap before
{Heap before GC invocations=33 (full 0):
 garbage-first heap   total 312320K, used 256000K [0x0000000080000000, 0x0000000100000000)
  region size 1024K, 29 young (29696K), 5 survivors (5120K)
 Metaspace       used 105072K, capacity 107771K, committed 107852K, reserved 1142784K
  class space    used 13594K, capacity 14609K, committed 14668K, reserved 1048576K
}
Event: 27.979 GC heap after
{Heap after GC invocations=34 (full 0):
 garbage-first heap   total 312320K, used 237092K [0x0000000080000000, 0x0000000100000000)
  region size 1024K, 4 young (4096K), 4 survivors (4096K)
 Metaspace       used 105072K, capacity 107771K, committed 107852K, reserved 1142784K
  class space    used 13594K, capacity 14609K, committed 14668K, reserved 1048576K
}
Event: 28.023 GC heap before
{Heap before GC invocations=34 (full 0):
 garbage-first heap   total 312320K, used 248356K [0x0000000080000000, 0x0000000100000000)
  region size 1024K, 15 young (15360K), 4 survivors (4096K)
 Metaspace       used 105078K, capacity 107775K, committed 107852K, reserved 1142784K
  class space    used 13594K, capacity 14609K, committed 14668K, reserved 1048576K
}
Event: 28.030 GC heap after
{Heap after GC invocations=35 (full 0):
 garbage-first heap   total 312320K, used 234673K [0x0000000080000000, 0x0000000100000000)
  region size 1024K, 2 young (2048K), 2 survivors (2048K)
 Metaspace       used 105078K, capacity 107775K, committed 107852K, reserved 1142784K
  class space    used 13594K, capacity 14609K, committed 14668K, reserved 1048576K
}
Event: 28.125 GC heap before
{Heap before GC invocations=35 (full 0):
 garbage-first heap   total 312320K, used 258225K [0x0000000080000000, 0x0000000100000000)
  region size 1024K, 26 young (26624K), 2 survivors (2048K)
 Metaspace       used 105342K, capacity 108096K, committed 108236K, reserved 1142784K
  class space    used 13630K, capacity 14671K, committed 14796K, reserved 1048576K
}
Event: 28.130 GC heap after
{Heap after GC invocations=36 (full 0):
 garbage-first heap   total 312320K, used 237702K [0x0000000080000000, 0x0000000100000000)
  region size 1024K, 4 young (4096K), 4 survivors (4096K)
 Metaspace       used 105342K, capacity 108096K, committed 108236K, reserved 1142784K
  class space    used 13630K, capacity 14671K, committed 14796K, reserved 1048576K
}
Event: 28.340 GC heap before
{Heap before GC invocations=36 (full 0):
 garbage-first heap   total 312320K, used 251014K [0x0000000080000000, 0x0000000100000000)
  region size 1024K, 28 young (28672K), 4 survivors (4096K)
 Metaspace       used 105604K, capacity 108385K, committed 108748K, reserved 1142784K
  class space    used 13651K, capacity 14676K, committed 14796K, reserved 1048576K
}
Event: 28.345 GC heap after
{Heap after GC invocations=37 (full 0):
 garbage-first heap   total 312320K, used 229535K [0x0000000080000000, 0x0000000100000000)
  region size 1024K, 3 young (3072K), 3 survivors (3072K)
 Metaspace       used 105604K, capacity 108385K, committed 108748K, reserved 1142784K
  class space    used 13651K, capacity 14676K, committed 14796K, reserved 1048576K
}
Event: 28.589 GC heap before
{Heap before GC invocations=38 (full 0):
 garbage-first heap   total 312320K, used 263327K [0x0000000080000000, 0x0000000100000000)
  region size 1024K, 31 young (31744K), 3 survivors (3072K)
 Metaspace       used 105610K, capacity 108385K, committed 108748K, reserved 1142784K
  class space    used 13651K, capacity 14676K, committed 14796K, reserved 1048576K
}
Event: 28.598 GC heap after
{Heap after GC invocations=39 (full 0):
 garbage-first heap   total 312320K, used 238297K [0x0000000080000000, 0x0000000100000000)
  region size 1024K, 4 young (4096K), 4 survivors (4096K)
 Metaspace       used 105610K, capacity 108385K, committed 108748K, reserved 1142784K
  class space    used 13651K, capacity 14676K, committed 14796K, reserved 1048576K
}
Event: 28.674 GC heap before
{Heap before GC invocations=39 (full 0):
 garbage-first heap   total 312320K, used 248537K [0x0000000080000000, 0x0000000100000000)
  region size 1024K, 15 young (15360K), 4 survivors (4096K)
 Metaspace       used 105699K, capacity 108456K, committed 108748K, reserved 1142784K
  class space    used 13659K, capacity 14678K, committed 14796K, reserved 1048576K
}
Event: 28.695 GC heap after
{Heap after GC invocations=40 (full 0):
 garbage-first heap   total 312320K, used 224683K [0x0000000080000000, 0x0000000100000000)
  region size 1024K, 2 young (2048K), 2 survivors (2048K)
 Metaspace       used 105699K, capacity 108456K, committed 108748K, reserved 1142784K
  class space    used 13659K, capacity 14678K, committed 14796K, reserved 1048576K
}
Event: 28.947 GC heap before
{Heap before GC invocations=40 (full 0):
 garbage-first heap   total 312320K, used 262571K [0x0000000080000000, 0x0000000100000000)
  region size 1024K, 33 young (33792K), 2 survivors (2048K)
 Metaspace       used 106428K, capacity 109235K, committed 109260K, reserved 1144832K
  class space    used 13742K, capacity 14793K, committed 14796K, reserved 1048576K
}
Event: 28.953 GC heap after
{Heap after GC invocations=41 (full 0):
 garbage-first heap   total 312320K, used 229393K [0x0000000080000000, 0x0000000100000000)
  region size 1024K, 3 young (3072K), 3 survivors (3072K)
 Metaspace       used 106428K, capacity 109235K, committed 109260K, reserved 1144832K
  class space    used 13742K, capacity 14793K, committed 14796K, reserved 1048576K
}
Event: 29.317 GC heap before
{Heap before GC invocations=42 (full 0):
 garbage-first heap   total 312320K, used 266257K [0x0000000080000000, 0x0000000100000000)
  region size 1024K, 34 young (34816K), 3 survivors (3072K)
 Metaspace       used 107077K, capacity 109908K, committed 110156K, reserved 1144832K
  class space    used 13810K, capacity 14866K, committed 14924K, reserved 1048576K
}
Event: 29.322 GC heap after
{Heap after GC invocations=43 (full 0):
 garbage-first heap   total 312320K, used 240515K [0x0000000080000000, 0x0000000100000000)
  region size 1024K, 5 young (5120K), 5 survivors (5120K)
 Metaspace       used 107077K, capacity 109908K, committed 110156K, reserved 1144832K
  class space    used 13810K, capacity 14866K, committed 14924K, reserved 1048576K
}
Event: 29.349 GC heap before
{Heap before GC invocations=43 (full 0):
 garbage-first heap   total 312320K, used 249731K [0x0000000080000000, 0x0000000100000000)
  region size 1024K, 15 young (15360K), 5 survivors (5120K)
 Metaspace       used 107127K, capacity 109975K, committed 110156K, reserved 1144832K
  class space    used 13815K, capacity 14867K, committed 14924K, reserved 1048576K
}

