# JRE version: OpenJDK Runtime Environment (11.0.10) (build 11.0.10+0-b96-7249189)
# Java VM: OpenJDK 64-Bit Server VM (11.0.10+0-b96-7249189, mixed mode, tiered, compressed oops, g1 gc, windows-amd64)
Heap:
 garbage-first heap   total 260096K, used 27355K [0x0000000080000000, 0x0000000100000000)
  region size 1024K, 12 young (12288K), 6 survivors (6144K)
 Metaspace       used 35817K, capacity 36631K, committed 36736K, reserved 1081344K
  class space    used 4621K, capacity 4918K, committed 4992K, reserved 1048576K
GC Heap History (8 events):
Event: 0.546 GC heap before
{Heap before GC invocations=0 (full 0):
 garbage-first heap   total 260096K, used 29696K [0x0000000080000000, 0x0000000100000000)
  region size 1024K, 24 young (24576K), 0 survivors (0K)
 Metaspace       used 10204K, capacity 10423K, committed 10624K, reserved 1058816K
  class space    used 1064K, capacity 1141K, committed 1152K, reserved 1048576K
}
Event: 0.549 GC heap after
{Heap after GC invocations=1 (full 0):
 garbage-first heap   total 260096K, used 9177K [0x0000000080000000, 0x0000000100000000)
  region size 1024K, 3 young (3072K), 3 survivors (3072K)
 Metaspace       used 10204K, capacity 10423K, committed 10624K, reserved 1058816K
  class space    used 1064K, capacity 1141K, committed 1152K, reserved 1048576K
}
Event: 1.741 GC heap before
{Heap before GC invocations=1 (full 0):
 garbage-first heap   total 260096K, used 105433K [0x0000000080000000, 0x0000000100000000)
  region size 1024K, 97 young (99328K), 3 survivors (3072K)
 Metaspace       used 20598K, capacity 21097K, committed 21248K, reserved 1067008K
  class space    used 2509K, capacity 2692K, committed 2816K, reserved 1048576K
}
Event: 1.748 GC heap after
{Heap after GC invocations=2 (full 0):
 garbage-first heap   total 260096K, used 16487K [0x0000000080000000, 0x0000000100000000)
  region size 1024K, 11 young (11264K), 11 survivors (11264K)
 Metaspace       used 20598K, capacity 21097K, committed 21248K, reserved 1067008K
  class space    used 2509K, capacity 2692K, committed 2816K, reserved 1048576K
}
Event: 2.002 GC heap before
{Heap before GC invocations=3 (full 0):
 garbage-first heap   total 260096K, used 48231K [0x0000000080000000, 0x0000000100000000)
  region size 1024K, 42 young (43008K), 11 survivors (11264K)
 Metaspace       used 23655K, capacity 24319K, committed 24576K, reserved 1071104K
  class space    used 3016K, capacity 3259K, committed 3328K, reserved 1048576K
}
Event: 2.007 GC heap after
{Heap after GC invocations=4 (full 0):
 garbage-first heap   total 260096K, used 17567K [0x0000000080000000, 0x0000000100000000)
  region size 1024K, 2 young (2048K), 2 survivors (2048K)
 Metaspace       used 23655K, capacity 24319K, committed 24576K, reserved 1071104K
  class space    used 3016K, capacity 3259K, committed 3328K, reserved 1048576K
}
Event: 3.098 GC heap before
{Heap before GC invocations=4 (full 0):
 garbage-first heap   total 260096K, used 96415K [0x0000000080000000, 0x0000000100000000)
  region size 1024K, 81 young (82944K), 2 survivors (2048K)
 Metaspace       used 34998K, capacity 35803K, committed 35840K, reserved 1081344K
  class space    used 4539K, capacity 4834K, committed 4864K, reserved 1048576K
}
Event: 3.106 GC heap after
{Heap after GC invocations=5 (full 0):
 garbage-first heap   total 260096K, used 22235K [0x0000000080000000, 0x0000000100000000)
  region size 1024K, 6 young (6144K), 6 survivors (6144K)
 Metaspace       used 34998K, capacity 35803K, committed 35840K, reserved 1081344K
  class space    used 4539K, capacity 4834K, committed 4864K, reserved 1048576K
}

